02:20:21.513 skipping bootstrap configuration: could not find or read file: classpath:karate-config.js
02:20:22.566 request:
1 > POST https://www.googleapis.com/oauth2/v4/token?code=4%2F2gG8_p2wyKGJGsb0LLCFEHSRsyRgMVH1z_5WTmmqt_-vprb_Sb5Fl7-dCdo633IOMEN8nIOwNioj4z02BsVUCkQ&client_id=692183103107-p0m7ent2hk7suguv4vq22hjcfhcr43pj.apps.googleusercontent.com&client_secret=erZOWM9g3UtwNRj340YYaK_W&redirect_uri=https%3A%2F%2Frahulshettyacademy.com%2FgetCourse.php&grant_type=authorization_code
1 > Accept-Encoding: gzip,deflate
1 > Connection: Keep-Alive
1 > Content-Length: 0
1 > Content-Type: text/plain; charset=UTF-8
1 > Host: www.googleapis.com
1 > User-Agent: Apache-HttpClient/4.5.12 (Java/1.8.0_231)


02:20:23.543 response time in milliseconds: 970.14
1 < 200
1 < Alt-Svc: h3-29=":443"; ma=2592000,h3-27=":443"; ma=2592000,h3-T050=":443"; ma=2592000,h3-Q050=":443"; ma=2592000,h3-Q046=":443"; ma=2592000,h3-Q043=":443"; ma=2592000,quic=":443"; ma=2592000; v="46,43"
1 < Cache-Control: private
1 < Content-Type: application/json; charset=utf-8
1 < Date: Sat, 01 Aug 2020 20:50:26 GMT
1 < Server: scaffolding on HTTPServer2
1 < Transfer-Encoding: chunked
1 < Vary: [Origin, X-Origin, Referer]
1 < X-Content-Type-Options: nosniff
1 < X-Frame-Options: SAMEORIGIN
1 < X-XSS-Protection: 0
{
  "access_token": "ya29.a0AfH6SMC0sGeutaqOOQE16ENr6d9purdISPRneuRBeSqTQl-W8a0T_kDp68Ntn69pXnhrTGRxxU0Kc701y9QNZwCzoZUCqe4e8LuKCjBYfO2kvDFstXW79mNRjLBV2F4Hv-CkLOvqTB4DmcMr8xHOhaTvEma_xgksWwMDEw",
  "expires_in": 3573,
  "scope": "https://www.googleapis.com/auth/userinfo.email openid",
  "token_type": "Bearer",
  "id_token": "eyJhbGciOiJSUzI1NiIsImtpZCI6ImYwNTQxNWIxM2FjYjk1OTBmNzBkZjg2Mjc2NWM2NTVmNWE3YTAxOWUiLCJ0eXAiOiJKV1QifQ.eyJpc3MiOiJodHRwczovL2FjY291bnRzLmdvb2dsZS5jb20iLCJhenAiOiI2OTIxODMxMDMxMDctcDBtN2VudDJoazdzdWd1djR2cTIyaGpjZmhjcjQzcGouYXBwcy5nb29nbGV1c2VyY29udGVudC5jb20iLCJhdWQiOiI2OTIxODMxMDMxMDctcDBtN2VudDJoazdzdWd1djR2cTIyaGpjZmhjcjQzcGouYXBwcy5nb29nbGV1c2VyY29udGVudC5jb20iLCJzdWIiOiIxMTgzMTQzMTUyMjYwNDk0NzgzMjgiLCJlbWFpbCI6Imd1cnVwcmFzYWRncC45M0BnbWFpbC5jb20iLCJlbWFpbF92ZXJpZmllZCI6dHJ1ZSwiYXRfaGFzaCI6IjBhaGpFQzY1czg2Z2hqQUpIZWpTbEEiLCJpYXQiOjE1OTYzMTUwMjYsImV4cCI6MTU5NjMxODYyNn0.KRVDCAR2ILpYB5NJH3QsnGV0b1Pt-Jz32RTZKVjyeenTnrVgCC-D_0LRf7uPDSgWj73THCYXjnsLTAzAoQs-uZQvBF9XXJdJ7IumcyS110ZzZ4Q1GpdQwDBYDyLoVWDVmvdx-leisdgGu8aOIGKs7mBaaZgAOWbm2wsel_2KEfv9Tmwdyx8OzkCJIUJ3bi2jRky3eB4N9-cgB57t4CTqOh2BhQoEGAVSjn5Edf6Tnz_5vks59CsPDcsVIiObK8PUAldA_37yy4KOI-XF0ajrtZtYs3f2hZdx0cpWzNciGKGTdrSogxD5nIXdLsJ-zZ0RCVpZiHXc4haluy3RU9DFGw"
}

02:20:23.628 [print] {
  "access_token": "ya29.a0AfH6SMC0sGeutaqOOQE16ENr6d9purdISPRneuRBeSqTQl-W8a0T_kDp68Ntn69pXnhrTGRxxU0Kc701y9QNZwCzoZUCqe4e8LuKCjBYfO2kvDFstXW79mNRjLBV2F4Hv-CkLOvqTB4DmcMr8xHOhaTvEma_xgksWwMDEw",
  "scope": "https://www.googleapis.com/auth/userinfo.email openid",
  "id_token": "eyJhbGciOiJSUzI1NiIsImtpZCI6ImYwNTQxNWIxM2FjYjk1OTBmNzBkZjg2Mjc2NWM2NTVmNWE3YTAxOWUiLCJ0eXAiOiJKV1QifQ.eyJpc3MiOiJodHRwczovL2FjY291bnRzLmdvb2dsZS5jb20iLCJhenAiOiI2OTIxODMxMDMxMDctcDBtN2VudDJoazdzdWd1djR2cTIyaGpjZmhjcjQzcGouYXBwcy5nb29nbGV1c2VyY29udGVudC5jb20iLCJhdWQiOiI2OTIxODMxMDMxMDctcDBtN2VudDJoazdzdWd1djR2cTIyaGpjZmhjcjQzcGouYXBwcy5nb29nbGV1c2VyY29udGVudC5jb20iLCJzdWIiOiIxMTgzMTQzMTUyMjYwNDk0NzgzMjgiLCJlbWFpbCI6Imd1cnVwcmFzYWRncC45M0BnbWFpbC5jb20iLCJlbWFpbF92ZXJpZmllZCI6dHJ1ZSwiYXRfaGFzaCI6IjBhaGpFQzY1czg2Z2hqQUpIZWpTbEEiLCJpYXQiOjE1OTYzMTUwMjYsImV4cCI6MTU5NjMxODYyNn0.KRVDCAR2ILpYB5NJH3QsnGV0b1Pt-Jz32RTZKVjyeenTnrVgCC-D_0LRf7uPDSgWj73THCYXjnsLTAzAoQs-uZQvBF9XXJdJ7IumcyS110ZzZ4Q1GpdQwDBYDyLoVWDVmvdx-leisdgGu8aOIGKs7mBaaZgAOWbm2wsel_2KEfv9Tmwdyx8OzkCJIUJ3bi2jRky3eB4N9-cgB57t4CTqOh2BhQoEGAVSjn5Edf6Tnz_5vks59CsPDcsVIiObK8PUAldA_37yy4KOI-XF0ajrtZtYs3f2hZdx0cpWzNciGKGTdrSogxD5nIXdLsJ-zZ0RCVpZiHXc4haluy3RU9DFGw",
  "token_type": "Bearer",
  "expires_in": 3573
}

02:20:23.646 [print] ya29.a0AfH6SMC0sGeutaqOOQE16ENr6d9purdISPRneuRBeSqTQl-W8a0T_kDp68Ntn69pXnhrTGRxxU0Kc701y9QNZwCzoZUCqe4e8LuKCjBYfO2kvDFstXW79mNRjLBV2F4Hv-CkLOvqTB4DmcMr8xHOhaTvEma_xgksWwMDEw
02:20:23.658 [print] ya29.a0AfH6SMC0sGeutaqOOQE16ENr6d9purdISPRneuRBeSqTQl-W8a0T_kDp68Ntn69pXnhrTGRxxU0Kc701y9QNZwCzoZUCqe4e8LuKCjBYfO2kvDFstXW79mNRjLBV2F4Hv-CkLOvqTB4DmcMr8xHOhaTvEma_xgksWwMDEw
02:20:23.668 request:
1 > GET https://rahulshettyacademy.com/getCourse.php?access_token=ya29.a0AfH6SMC0sGeutaqOOQE16ENr6d9purdISPRneuRBeSqTQl-W8a0T_kDp68Ntn69pXnhrTGRxxU0Kc701y9QNZwCzoZUCqe4e8LuKCjBYfO2kvDFstXW79mNRjLBV2F4Hv-CkLOvqTB4DmcMr8xHOhaTvEma_xgksWwMDEw
1 > Accept-Encoding: gzip,deflate
1 > Connection: Keep-Alive
1 > Host: rahulshettyacademy.com
1 > User-Agent: Apache-HttpClient/4.5.12 (Java/1.8.0_231)

02:20:24.277 response time in milliseconds: 603.79
1 < 200
1 < Connection: Keep-Alive
1 < Content-Type: text/html; charset=UTF-8
1 < Date: Sat, 01 Aug 2020 20:50:27 GMT
1 < Keep-Alive: timeout=5, max=100
1 < Server: Apache/2.4.18 (Ubuntu)
1 < Vary: Accept-Encoding

{ "instructor": "RahulShetty", "url": "rahulshettycademy.com", "services": "projectSupport", "expertise": "Automation", "courses": { "webAutomation": [ { "courseTitle": "Selenium Webdriver Java", "price": "50" }, { "courseTitle": "Cypress",
                "price": "40"
            },
            {
                "courseTitle": "Protractor",
                "price": "40"
            }
        ],
        "api": [
            {
                "courseTitle": "Rest Assured Automation using Java",
                "price": "50"
            },
            {
                "courseTitle": "SoapUI Webservices testing",
                "price": "40"
            }
        ],
        "mobile": [
            {
                "courseTitle": "Appium-Mobile Automation using Java",
                "price": "50"
            }
        ]
    },
    "linkedIn": "https://www.linkedin.com/in/rahul-shetty-trainer/"
}


02:20:24.279 [print] {
  "courses": {
    "mobile": [
      {
        "courseTitle": "Appium-Mobile Automation using Java",
        "price": "50"
      }
    ],
    "webAutomation": [
      {
        "courseTitle": "Selenium Webdriver Java",
        "price": "50"
      },
      {
        "courseTitle": "Cypress",
        "price": "40"
      },
      {
        "courseTitle": "Protractor",
        "price": "40"
      }
    ],
    "api": [
      {
        "courseTitle": "Rest Assured Automation using Java",
        "price": "50"
      },
      {
        "courseTitle": "SoapUI Webservices testing",
        "price": "40"
      }
    ]
  },
  "instructor": "RahulShetty",
  "services": "projectSupport",
  "linkedIn": "https://www.linkedin.com/in/rahul-shetty-trainer/",
  "expertise": "Automation",
  "url": "rahulshettycademy.com"
}

ices": "projectSupport",
  "linkedIn": "https://www.linkedin.com/in/rahul-shetty-trainer/",
  "expertise": "Automation",
  "url": "rahulshettycademy.com"
}



